slurmstepd-knm000: error: Job 168962 hit memory limit at least once during execution. This may or may not result in some failure.
srun: error: knm000: task 0: Out Of Memory
slurmstepd-knm000: error: Job 168962 hit memory limit at least once during execution. This may or may not result in some failure.
srun: Job step aborted: Waiting up to 32 seconds for job step to finish.
srun: Job step aborted: Waiting up to 32 seconds for job step to finish.
srun: Job step aborted: Waiting up to 32 seconds for job step to finish.
srun: Job step aborted: Waiting up to 32 seconds for job step to finish.
srun: Job step aborted: Waiting up to 32 seconds for job step to finish.
srun: Job step aborted: Waiting up to 32 seconds for job step to finish.
srun: Job step aborted: Waiting up to 32 seconds for job step to finish.
slurmstepd-knm000: error: *** JOB 168964 ON knm000 CANCELLED AT 2019-04-08T13:16:34 ***
srun: Job step aborted: Waiting up to 32 seconds for job step to finish.
slurmstepd-knm000: error: *** JOB 168959 ON knm000 CANCELLED AT 2019-04-08T13:16:34 ***
slurmstepd-knm000: error: *** STEP 168963.0 ON knm000 CANCELLED AT 2019-04-08T13:16:34 ***
slurmstepd-knm000: error: *** STEP 168960.0 ON knm000 CANCELLED AT 2019-04-08T13:16:34 ***
slurmstepd-knm000: error: *** JOB 168963 ON knm000 CANCELLED AT 2019-04-08T13:16:34 ***
slurmstepd-knm000: error: *** STEP 168964.0 ON knm000 CANCELLED AT 2019-04-08T13:16:34 ***
slurmstepd-knm000: error: *** JOB 168961 ON knm000 CANCELLED AT 2019-04-08T13:16:34 ***
slurmstepd-knm000: error: *** JOB 168960 ON knm000 CANCELLED AT 2019-04-08T13:16:34 ***
slurmstepd-knm000: error: *** STEP 168958.0 ON knm000 CANCELLED AT 2019-04-08T13:16:34 ***
slurmstepd-knm000: error: *** STEP 168959.0 ON knm000 CANCELLED AT 2019-04-08T13:16:34 ***
slurmstepd-knm000: error: Job 168959 hit memory limit at least once during execution. This may or may not result in some failure.
slurmstepd-knm000: error: Job 168964 hit memory limit at least once during execution. This may or may not result in some failure.
slurmstepd-knm000: error: *** STEP 168957.0 ON knm000 CANCELLED AT 2019-04-08T13:16:34 ***
slurmstepd-knm000: error: *** STEP 168961.0 ON knm000 CANCELLED AT 2019-04-08T13:16:34 ***
slurmstepd-knm000: error: *** STEP 168955.0 ON knm000 CANCELLED AT 2019-04-08T13:16:34 ***
slurmstepd-knm000: error: Job 168963 hit memory limit at least once during execution. This may or may not result in some failure.
slurmstepd-knm000: error: Job 168960 hit memory limit at least once during execution. This may or may not result in some failure.
slurmstepd-knm000: error: Job 168961 hit memory limit at least once during execution. This may or may not result in some failure.
slurmstepd-knm000: error: *** JOB 168958 ON knm000 CANCELLED AT 2019-04-08T13:16:34 ***
slurmstepd-knm000: error: *** JOB 168957 ON knm000 CANCELLED AT 2019-04-08T13:16:34 ***
slurmstepd-knm000: error: *** JOB 168955 ON knm000 CANCELLED AT 2019-04-08T13:16:34 ***
slurmstepd-knm000: error: Job 168958 hit memory limit at least once during execution. This may or may not result in some failure.
slurmstepd-knm000: error: Job 168957 hit memory limit at least once during execution. This may or may not result in some failure.
slurmstepd-knm000: error: Job 168955 hit memory limit at least once during execution. This may or may not result in some failure.
slurmstepd-knm000: error: Job 168963 hit memory limit at least once during execution. This may or may not result in some failure.
slurmstepd-knm000: error: Job 168964 hit memory limit at least once during execution. This may or may not result in some failure.
